<beans xmlns="http://www.springframework.org/schema/beans"
       xmlns:xsi="http://www.w3.org/2001/XMLSchema-instance"
       xmlns:context="http://www.springframework.org/schema/context"
       xsi:schemaLocation="
       http://www.springframework.org/schema/beans http://www.springframework.org/schema/beans/spring-beans.xsd">

    <bean class="org.springframework.beans.factory.config.PropertyPlaceholderConfigurer">
        <property name="location" value="test-messaging.properties" />
    </bean>

    <import resource="classpath:/alfresco/subsystems/Messaging/default/messaging-context.xml" />
    
    <import resource="testRoutes.xml" />
<!--     <bean id="testNewRouteLoader" class="org.alfresco.messaging.camel.RouteLoader">
        <property name="camelContextId" value="camelContext" />
        <property name="routeContextId" value="customRoutes" />
    </bean> -->

</beans>